2025-05-03 17:38:12,160 - DEBUG - Using proactor: IocpProactor
2025-05-03 17:38:12,535 - DEBUG - STREAM b'IHDR' 16 13
2025-05-03 17:38:12,535 - DEBUG - STREAM b'zTXt' 41 251
2025-05-03 17:38:12,535 - DEBUG - STREAM b'iCCP' 304 388
2025-05-03 17:38:12,535 - DEBUG - iCCP profile name b'ICC profile'
2025-05-03 17:38:12,535 - DEBUG - Compression method 0
2025-05-03 17:38:12,535 - DEBUG - STREAM b'iTXt' 704 3446
2025-05-03 17:38:12,535 - DEBUG - STREAM b'bKGD' 4162 6
2025-05-03 17:38:12,535 - DEBUG - b'bKGD' 4162 6 (unknown)
2025-05-03 17:38:12,535 - DEBUG - STREAM b'pHYs' 4180 9
2025-05-03 17:38:12,535 - DEBUG - STREAM b'tIME' 4201 7
2025-05-03 17:38:12,549 - DEBUG - b'tIME' 4201 7 (unknown)
2025-05-03 17:38:12,549 - DEBUG - STREAM b'IDAT' 4220 8192
2025-05-03 17:38:12,649 - INFO - Application initialized
2025-05-03 17:38:35,728 - INFO - Attempting to add bidder: username='dfbgdf', qty='1', weight='', giveaway=False
2025-05-03 17:38:35,728 - INFO - Adding new bidder: dfbgdf, bin 1
2025-05-03 17:38:35,728 - INFO - Updated treeview
2025-05-03 17:38:35,728 - INFO - Updated bin display
2025-05-03 17:38:35,728 - INFO - Added/updated bidder: dfbgdf, Bin: 1, Total bins: 1
2025-05-03 17:39:27,582 - DEBUG - Using proactor: IocpProactor
2025-05-03 17:39:27,957 - DEBUG - STREAM b'IHDR' 16 13
2025-05-03 17:39:27,957 - DEBUG - STREAM b'zTXt' 41 251
2025-05-03 17:39:27,957 - DEBUG - STREAM b'iCCP' 304 388
2025-05-03 17:39:27,957 - DEBUG - iCCP profile name b'ICC profile'
2025-05-03 17:39:27,957 - DEBUG - Compression method 0
2025-05-03 17:39:27,957 - DEBUG - STREAM b'iTXt' 704 3446
2025-05-03 17:39:27,957 - DEBUG - STREAM b'bKGD' 4162 6
2025-05-03 17:39:27,957 - DEBUG - b'bKGD' 4162 6 (unknown)
2025-05-03 17:39:27,957 - DEBUG - STREAM b'pHYs' 4180 9
2025-05-03 17:39:27,957 - DEBUG - STREAM b'tIME' 4201 7
2025-05-03 17:39:27,957 - DEBUG - b'tIME' 4201 7 (unknown)
2025-05-03 17:39:27,957 - DEBUG - STREAM b'IDAT' 4220 8192
2025-05-03 17:39:28,051 - INFO - Application initialized
